<?xml version="1.0" encoding="UTF-8"?>
<testsuite xmlns:xsi="http://www.w3.org/2001/XMLSchema-instance" xsi:noNamespaceSchemaLocation="https://maven.apache.org/surefire/maven-surefire-plugin/xsd/surefire-test-report-3.0.xsd" version="3.0" name="com.tech.TransactionService1ApplicationTests" time="7.142" tests="1" errors="0" skipped="0" failures="0">
  <properties>
[...]
</properties>
  <testcase name="contextLoads" classname="com.tech.TransactionService1ApplicationTests" time="0.602">
    <system-out><![CDATA[13:24:25.091 [main] INFO org.springframework.test.context.support.AnnotationConfigContextLoaderUtils -- Could not detect default configuration classes for test class [com.tech.TransactionService1ApplicationTests]: TransactionService1ApplicationTests does not declare any static, non-private, non-final, nested classes annotated with @Configuration.
13:24:25.182 [main] INFO org.springframework.boot.test.context.SpringBootTestContextBootstrapper -- Found @SpringBootConfiguration com.tech.TransactionService1Application for test class com.tech.TransactionService1ApplicationTests
2023-06-23T13:24:25.583+05:30  INFO 18604 --- [           main] c.t.TransactionService1ApplicationTests  : Starting TransactionService1ApplicationTests using Java 17.0.7 with PID 18604 (started by shiam in C:\Users\shiam\workspace\transaction-service-1)
2023-06-23T13:24:25.585+05:30  INFO 18604 --- [           main] c.t.TransactionService1ApplicationTests  : No active profile set, falling back to 1 default profile: "default"
2023-06-23T13:24:26.108+05:30  INFO 18604 --- [           main] .s.d.r.c.RepositoryConfigurationDelegate : Bootstrapping Spring Data JPA repositories in DEFAULT mode.
2023-06-23T13:24:26.169+05:30  INFO 18604 --- [           main] .s.d.r.c.RepositoryConfigurationDelegate : Finished Spring Data repository scanning in 53 ms. Found 2 JPA repository interfaces.
2023-06-23T13:24:26.603+05:30  INFO 18604 --- [           main] o.hibernate.jpa.internal.util.LogHelper  : HHH000204: Processing PersistenceUnitInfo [name: default]
2023-06-23T13:24:26.677+05:30  INFO 18604 --- [           main] org.hibernate.Version                    : HHH000412: Hibernate ORM core version 6.2.5.Final
2023-06-23T13:24:26.680+05:30  INFO 18604 --- [           main] org.hibernate.cfg.Environment            : HHH000406: Using bytecode reflection optimizer
2023-06-23T13:24:26.899+05:30  INFO 18604 --- [           main] o.h.b.i.BytecodeProviderInitiator        : HHH000021: Bytecode provider name : bytebuddy
2023-06-23T13:24:27.046+05:30  INFO 18604 --- [           main] o.s.o.j.p.SpringPersistenceUnitInfo      : No LoadTimeWeaver setup: ignoring JPA class transformer
2023-06-23T13:24:27.065+05:30  INFO 18604 --- [           main] com.zaxxer.hikari.HikariDataSource       : HikariPool-1 - Starting...
2023-06-23T13:24:27.420+05:30  INFO 18604 --- [           main] com.zaxxer.hikari.pool.HikariPool        : HikariPool-1 - Added connection oracle.jdbc.driver.T4CConnection@6befbb12
2023-06-23T13:24:27.424+05:30  INFO 18604 --- [           main] com.zaxxer.hikari.HikariDataSource       : HikariPool-1 - Start completed.
2023-06-23T13:24:27.457+05:30  WARN 18604 --- [           main] org.hibernate.orm.deprecation            : HHH90000026: Oracle12cDialect has been deprecated; use org.hibernate.dialect.OracleDialect instead
2023-06-23T13:24:27.941+05:30  INFO 18604 --- [           main] o.h.b.i.BytecodeProviderInitiator        : HHH000021: Bytecode provider name : bytebuddy
Hibernate: 
    create global temporary table HTE_address(rn_ number(10,0) not null, employee_id number(19,0), id number(19,0), address_line varchar2(255 char), city varchar2(255 char), primary key (rn_)) 
        on commit delete rows
Hibernate: 
    create global temporary table HTE_employee(rn_ number(10,0) not null, id number(19,0), name varchar2(255 char), primary key (rn_)) 
        on commit delete rows
2023-06-23T13:24:28.623+05:30  INFO 18604 --- [           main] o.h.e.t.j.p.i.JtaPlatformInitiator       : HHH000490: Using JtaPlatform implementation: [org.hibernate.engine.transaction.jta.platform.internal.NoJtaPlatform]
2023-06-23T13:24:30.775+05:30  INFO 18604 --- [           main] j.LocalContainerEntityManagerFactoryBean : Initialized JPA EntityManagerFactory for persistence unit 'default'
2023-06-23T13:24:31.153+05:30  WARN 18604 --- [           main] JpaBaseConfiguration$JpaWebConfiguration : spring.jpa.open-in-view is enabled by default. Therefore, database queries may be performed during view rendering. Explicitly configure spring.jpa.open-in-view to disable this warning
2023-06-23T13:24:31.453+05:30  INFO 18604 --- [           main] c.t.TransactionService1ApplicationTests  : Started TransactionService1ApplicationTests in 6.125 seconds (process running for 8.761)
]]></system-out>
  </testcase>
</testsuite>